<?xml version="1.0" encoding="UTF-8"?>
<testsuites name="Mocha Tests" time="0.467" tests="2" failures="0">
  <testsuite name="Root Suite" timestamp="2024-05-20T02:16:33" tests="0" time="0.000" failures="0">
  </testsuite>
  <testsuite name="Login test" timestamp="2024-05-20T02:16:33" tests="1" file="/Users/user/Documents/mini-bank-app/tests/test/login.test.js" time="0.277" failures="0">
    <testcase name="Login test Test the login page" time="0.242" classname="Test the login page">
    </testcase>
  </testsuite>
  <testsuite name="Transfer test" timestamp="2024-05-20T02:16:33" tests="1" file="/Users/user/Documents/mini-bank-app/tests/test/transfer.test.js" time="0.187" failures="0">
    <testcase name="Transfer test Test a transfer transaction" time="0.177" classname="Test a transfer transaction">
    </testcase>
  </testsuite>
</testsuites>